[21:27:26] [main/INFO]: Loading Minecraft 1.21 with Fabric Loader 0.16.3
[21:27:26] [ForkJoinPool-1-worker-1/WARN]: Mod platforms_common uses the version unspecified which isn't compatible with Loader's extended semantic version format (Could not parse version number component 'unspecified'!), SemVer is recommended for reliably evaluating dependencies and prioritizing newer version
[21:27:27] [main/INFO]: Loading 95 mods:
	- better-chests 0.1.1+1.21
	   |-- aopalliance_aopalliance 1.0
	   |-- com_google_inject_extensions_guice-assistedinject 7.0.0
	   |-- com_google_inject_guice 7.0.0
	   |-- jakarta_inject_jakarta_inject-api 2.0.1
	   \-- platforms_common unspecified
	- betterf1 1.0
	- bridgingmod 2.4.0+1.21
	- carryon 2.2.1
	- cavedust 3.0.0
	   \-- kirin 1.19.0+1.21
	- cicada 0.8.3+1.21-and-above
	- cloth-config 15.0.128
	   \-- cloth-basic-math 0.6.1
	- clumps 18.0.0.2
	- customizableelytra 2.2.6+1.21
	- fabric-api 0.102.0+1.21
	   |-- fabric-api-base 0.4.42+6573ed8cd1
	   |-- fabric-api-lookup-api-v1 1.6.68+b5597344d1
	   |-- fabric-biome-api-v1 13.0.29+5bd9f1bcd1
	   |-- fabric-block-api-v1 1.0.22+0af3f5a7d1
	   |-- fabric-block-view-api-v2 1.0.10+6573ed8cd1
	   |-- fabric-blockrenderlayer-v1 1.1.52+0af3f5a7d1
	   |-- fabric-client-tags-api-v1 1.1.15+6573ed8cd1
	   |-- fabric-command-api-v1 1.2.49+f71b366fd1
	   |-- fabric-command-api-v2 2.2.28+6ced4dd9d1
	   |-- fabric-commands-v0 0.2.66+df3654b3d1
	   |-- fabric-content-registries-v0 8.0.16+b5597344d1
	   |-- fabric-convention-tags-v1 2.0.19+7f945d5bd1
	   |-- fabric-convention-tags-v2 2.5.0+c5e2b5c6d1
	   |-- fabric-crash-report-info-v1 0.2.29+0af3f5a7d1
	   |-- fabric-data-attachment-api-v1 1.1.27+6a6dfa19d1
	   |-- fabric-data-generation-api-v1 20.2.16+16c4ae25d1
	   |-- fabric-dimensions-v1 4.0.0+6fc22b99d1
	   |-- fabric-entity-events-v1 1.6.12+6fc22b99d1
	   |-- fabric-events-interaction-v0 0.7.12+ba9dae06d1
	   |-- fabric-game-rule-api-v1 1.0.53+6ced4dd9d1
	   |-- fabric-item-api-v1 11.0.0+afdfc921d1
	   |-- fabric-item-group-api-v1 4.1.4+78017270d1
	   |-- fabric-key-binding-api-v1 1.0.47+0af3f5a7d1
	   |-- fabric-keybindings-v0 0.2.45+df3654b3d1
	   |-- fabric-lifecycle-events-v1 2.3.12+6c1df360d1
	   |-- fabric-loot-api-v2 3.0.14+3f89f5a5d1
	   |-- fabric-loot-api-v3 1.0.2+3f89f5a5d1
	   |-- fabric-message-api-v1 6.0.13+6573ed8cd1
	   |-- fabric-model-loading-api-v1 2.0.0+fe474d6bd1
	   |-- fabric-networking-api-v1 4.2.2+60c3209bd1
	   |-- fabric-object-builder-api-v1 15.2.0+a551f7a4d1
	   |-- fabric-particles-v1 4.0.2+6573ed8cd1
	   |-- fabric-recipe-api-v1 5.0.12+65089712d1
	   |-- fabric-registry-sync-v0 5.1.2+60c3209bd1
	   |-- fabric-renderer-api-v1 3.4.0+c705a49cd1
	   |-- fabric-renderer-indigo 1.7.0+c705a49cd1
	   |-- fabric-renderer-registries-v1 3.2.68+df3654b3d1
	   |-- fabric-rendering-data-attachment-v1 0.3.48+73761d2ed1
	   |-- fabric-rendering-fluids-v1 3.1.6+b5597344d1
	   |-- fabric-rendering-v0 1.1.71+df3654b3d1
	   |-- fabric-rendering-v1 5.0.5+df16efd0d1
	   |-- fabric-resource-conditions-api-v1 4.3.0+8dc279b1d1
	   |-- fabric-resource-loader-v0 1.3.0+56599129d1
	   |-- fabric-screen-api-v1 2.0.24+b5597344d1
	   |-- fabric-screen-handler-api-v1 1.3.86+b5597344d1
	   |-- fabric-sound-api-v1 1.0.23+6573ed8cd1
	   |-- fabric-transfer-api-v1 5.1.16+3dccd343d1
	   \-- fabric-transitive-access-wideners-v1 6.1.0+176f9036d1
	- fabric-language-kotlin 1.11.0+kotlin.2.0.0
	   |-- org_jetbrains_kotlin_kotlin-reflect 2.0.0
	   |-- org_jetbrains_kotlin_kotlin-stdlib 2.0.0
	   |-- org_jetbrains_kotlin_kotlin-stdlib-jdk7 2.0.0
	   |-- org_jetbrains_kotlin_kotlin-stdlib-jdk8 2.0.0
	   |-- org_jetbrains_kotlinx_atomicfu-jvm 0.24.0
	   |-- org_jetbrains_kotlinx_kotlinx-coroutines-core-jvm 1.8.1
	   |-- org_jetbrains_kotlinx_kotlinx-coroutines-jdk8 1.8.1
	   |-- org_jetbrains_kotlinx_kotlinx-datetime-jvm 0.6.0
	   |-- org_jetbrains_kotlinx_kotlinx-serialization-cbor-jvm 1.6.3
	   |-- org_jetbrains_kotlinx_kotlinx-serialization-core-jvm 1.6.3
	   \-- org_jetbrains_kotlinx_kotlinx-serialization-json-jvm 1.6.3
	- fabricloader 0.16.3
	   \-- mixinextras 0.4.1
	- fallingtree 1.21.0.8
	- firstperson 2.4.4
	- java 21
	- macebut3d 1.0.0
	- minecraft 1.21
	- mr_rotten_fleshleather 1-v1.0.1
	- my_totem_doll 1.0.0+1.21
	- no-resource-pack-warnings 1.3.0
	- notenoughanimations 1.7.4
	- showmeyourskin 1.11.2+1.21
	   |-- cardinal-components-base 6.1.0
	   \-- cardinal-components-entity 6.1.0
	- shulkerboxtooltip 5.0.4+1.21
	- simple_copper_pipes 2.0
	   \-- frozenlib 1.7.3-Fabric+1.21
	- skinlayers3d 1.6.6
	- toggleableitemframes 5.0.0-1.21
	- trade_cycling 1.21-1.0.13
	   |-- fabric-key-binding-api-v1 1.0.47+0af3f5a790
	   \-- fabric-screen-api-v1 2.0.24+b559734490
	- xaerominimap 24.2.1
	- yet_another_config_lib_v3 3.5.0+1.21-fabric
	   |-- com_twelvemonkeys_common_common-image 3.10.0
	   |-- com_twelvemonkeys_common_common-io 3.10.0
	   |-- com_twelvemonkeys_common_common-lang 3.10.0
	   |-- com_twelvemonkeys_imageio_imageio-core 3.10.0
	   |-- com_twelvemonkeys_imageio_imageio-metadata 3.10.0
	   |-- com_twelvemonkeys_imageio_imageio-webp 3.10.0
	   |-- org_quiltmc_parsers_gson 0.2.1
	   \-- org_quiltmc_parsers_json 0.2.1
[21:27:27] [main/INFO]: SpongePowered MIXIN Subsystem Version=0.8.7 Source=file:/workspaces/Server/servidor_minecraft/libraries/net/fabricmc/sponge-mixin/0.15.2+mixin.0.8.7/sponge-mixin-0.15.2+mixin.0.8.7.jar Service=Knot/Fabric Env=SERVER
[21:27:27] [main/INFO]: Compatibility level set to JAVA_21
[21:27:27] [main/WARN]: Error loading class: net/minecraft/class_638$class_5271 (java.lang.ClassNotFoundException: net/minecraft/class_638$class_5271)
[21:27:27] [main/WARN]: @Mixin target net.minecraft.class_638$class_5271 was not found dust.mixins.json:ClientWorldAccessor from mod cavedust
[21:27:27] [main/WARN]: Error loading class: net/minecraft/class_340 (java.lang.ClassNotFoundException: net/minecraft/class_340)
[21:27:27] [main/WARN]: @Mixin target net.minecraft.class_340 was not found dust.mixins.json:MixinDebugScreenOverlay from mod cavedust
[21:27:28] [main/INFO]: Initializing MixinExtras via com.llamalad7.mixinextras.service.MixinExtrasServiceImpl(version=0.4.1).
[21:27:42] [main/INFO]: Initializing Better Chests!
[21:27:42] [main/INFO]: Registering Particles for frozenlib
[21:27:42] [main/INFO]: 0 Datafixer optimizations took 0 milliseconds
[21:27:43] [main/INFO]: Loading config FrozenLibConfig from frozenlib
[21:27:43] [main/INFO]: Saving config FrozenLibConfig from frozenlib
[21:27:43] [main/INFO]: Hello Fabric world!
[21:27:43] [main/INFO]: My Totem Doll Initialized
[21:27:44] [main/INFO]: Loading config SimpleCopperPipesConfig from simple_copper_pipes
[21:27:45] [main/INFO]: Saving config SimpleCopperPipesConfig from simple_copper_pipes
[21:27:45] [FrozenLib Quilt Datafixer Bootstrap/INFO]: 1 Datafixer optimizations took 24 milliseconds
[21:27:45] [main/INFO]: Loading Xaero's Minimap - Stage 1/2 (Server)
[21:27:45] [main/INFO]: Saving config FrozenLibConfig from frozenlib
[21:27:45] [main/INFO]: Saving config SimpleCopperPipesConfig from simple_copper_pipes
[21:27:45] [main/INFO]: Saving config FrozenLibConfig from frozenlib
[21:27:45] [main/INFO]: Saving config SimpleCopperPipesConfig from simple_copper_pipes
[21:27:45] [main/INFO]: Saving config FrozenLibConfig from frozenlib
[21:27:45] [main/INFO]: Saving config SimpleCopperPipesConfig from simple_copper_pipes
[21:27:45] [main/INFO]: Saving config FrozenLibConfig from frozenlib
[21:27:45] [main/INFO]: Saving config SimpleCopperPipesConfig from simple_copper_pipes
[21:27:45] [main/INFO]: Saving config FrozenLibConfig from frozenlib
[21:27:45] [main/INFO]: Saving config SimpleCopperPipesConfig from simple_copper_pipes
[21:27:45] [main/INFO]: Saving config FrozenLibConfig from frozenlib
[21:27:45] [main/INFO]: Saving config SimpleCopperPipesConfig from simple_copper_pipes
[21:27:45] [main/INFO]: Saving config FrozenLibConfig from frozenlib
[21:27:45] [main/INFO]: Saving config SimpleCopperPipesConfig from simple_copper_pipes
[21:27:45] [main/INFO]: Saving config FrozenLibConfig from frozenlib
[21:27:45] [main/INFO]: Saving config SimpleCopperPipesConfig from simple_copper_pipes
[21:27:45] [main/INFO]: Saving config FrozenLibConfig from frozenlib
[21:27:45] [main/INFO]: Saving config SimpleCopperPipesConfig from simple_copper_pipes
[21:27:45] [main/INFO]: Saving config FrozenLibConfig from frozenlib
[21:27:45] [main/INFO]: Saving config SimpleCopperPipesConfig from simple_copper_pipes
[21:27:45] [main/INFO]: Saving config FrozenLibConfig from frozenlib
[21:27:45] [main/INFO]: Saving config SimpleCopperPipesConfig from simple_copper_pipes
[21:27:45] [main/INFO]: Saving config FrozenLibConfig from frozenlib
[21:27:45] [main/INFO]: Saving config SimpleCopperPipesConfig from simple_copper_pipes
[21:27:45] [main/INFO]: Saving config FrozenLibConfig from frozenlib
[21:27:45] [main/INFO]: Saving config SimpleCopperPipesConfig from simple_copper_pipes
[21:27:45] [main/INFO]: Saving config FrozenLibConfig from frozenlib
[21:27:45] [main/INFO]: Saving config SimpleCopperPipesConfig from simple_copper_pipes
[21:27:45] [main/INFO]: Saving config FrozenLibConfig from frozenlib
[21:27:45] [main/INFO]: Saving config SimpleCopperPipesConfig from simple_copper_pipes
[21:27:45] [main/INFO]: Saving config FrozenLibConfig from frozenlib
[21:27:45] [main/INFO]: Saving config SimpleCopperPipesConfig from simple_copper_pipes
[21:27:45] [main/INFO]: Saving config FrozenLibConfig from frozenlib
[21:27:45] [main/INFO]: Saving config SimpleCopperPipesConfig from simple_copper_pipes
[21:27:45] [main/INFO]: Saving config FrozenLibConfig from frozenlib
[21:27:45] [main/INFO]: Saving config SimpleCopperPipesConfig from simple_copper_pipes
[21:27:45] [main/INFO]: Saving config FrozenLibConfig from frozenlib
[21:27:45] [main/INFO]: Saving config SimpleCopperPipesConfig from simple_copper_pipes
[21:27:45] [main/INFO]: Saving config FrozenLibConfig from frozenlib
[21:27:45] [main/INFO]: Saving config SimpleCopperPipesConfig from simple_copper_pipes
[21:27:45] [main/INFO]: Saving config FrozenLibConfig from frozenlib
[21:27:45] [main/INFO]: Saving config SimpleCopperPipesConfig from simple_copper_pipes
[21:27:45] [main/INFO]: Saving config FrozenLibConfig from frozenlib
[21:27:45] [main/INFO]: Saving config SimpleCopperPipesConfig from simple_copper_pipes
[21:27:45] [main/INFO]: Saving config FrozenLibConfig from frozenlib
[21:27:45] [main/INFO]: Saving config SimpleCopperPipesConfig from simple_copper_pipes
[21:27:45] [main/INFO]: Saving config FrozenLibConfig from frozenlib
[21:27:45] [main/INFO]: Saving config SimpleCopperPipesConfig from simple_copper_pipes
[21:27:45] [main/INFO]: Saving config FrozenLibConfig from frozenlib
[21:27:45] [main/INFO]: Saving config SimpleCopperPipesConfig from simple_copper_pipes
[21:27:45] [main/INFO]: Saving config FrozenLibConfig from frozenlib
[21:27:45] [main/INFO]: Saving config SimpleCopperPipesConfig from simple_copper_pipes
[21:27:45] [main/INFO]: Saving config FrozenLibConfig from frozenlib
[21:27:45] [main/INFO]: Saving config SimpleCopperPipesConfig from simple_copper_pipes
[21:27:45] [main/INFO]: Saving config FrozenLibConfig from frozenlib
[21:27:45] [main/INFO]: Saving config SimpleCopperPipesConfig from simple_copper_pipes
[21:27:45] [main/INFO]: Saving config FrozenLibConfig from frozenlib
[21:27:45] [main/INFO]: Saving config SimpleCopperPipesConfig from simple_copper_pipes
[21:27:45] [main/INFO]: Saving config FrozenLibConfig from frozenlib
[21:27:45] [main/INFO]: Saving config SimpleCopperPipesConfig from simple_copper_pipes
[21:27:45] [main/INFO]: Saving config FrozenLibConfig from frozenlib
[21:27:45] [main/INFO]: Saving config SimpleCopperPipesConfig from simple_copper_pipes
[21:27:45] [main/INFO]: Saving config FrozenLibConfig from frozenlib
[21:27:45] [main/INFO]: Saving config SimpleCopperPipesConfig from simple_copper_pipes
[21:27:45] [main/INFO]: Saving config FrozenLibConfig from frozenlib
[21:27:45] [main/INFO]: Saving config SimpleCopperPipesConfig from simple_copper_pipes
[21:27:45] [main/INFO]: Saving config FrozenLibConfig from frozenlib
[21:27:45] [main/INFO]: Saving config SimpleCopperPipesConfig from simple_copper_pipes
[21:27:45] [main/INFO]: Saving config FrozenLibConfig from frozenlib
[21:27:45] [main/INFO]: Saving config SimpleCopperPipesConfig from simple_copper_pipes
[21:27:45] [main/INFO]: Saving config FrozenLibConfig from frozenlib
[21:27:45] [main/INFO]: Saving config SimpleCopperPipesConfig from simple_copper_pipes
[21:27:45] [main/INFO]: Saving config FrozenLibConfig from frozenlib
[21:27:45] [main/INFO]: Saving config SimpleCopperPipesConfig from simple_copper_pipes
[21:27:45] [main/INFO]: Saving config FrozenLibConfig from frozenlib
[21:27:45] [main/INFO]: Saving config SimpleCopperPipesConfig from simple_copper_pipes
[21:27:45] [main/INFO]: Saving config FrozenLibConfig from frozenlib
[21:27:45] [main/INFO]: Saving config SimpleCopperPipesConfig from simple_copper_pipes
[21:27:45] [main/INFO]: Saving config FrozenLibConfig from frozenlib
[21:27:45] [main/INFO]: Saving config SimpleCopperPipesConfig from simple_copper_pipes
[21:27:45] [main/INFO]: Saving config FrozenLibConfig from frozenlib
[21:27:45] [main/INFO]: Saving config SimpleCopperPipesConfig from simple_copper_pipes
[21:27:45] [main/INFO]: Saving config FrozenLibConfig from frozenlib
[21:27:45] [main/INFO]: Saving config SimpleCopperPipesConfig from simple_copper_pipes
[21:27:45] [main/INFO]: Saving config FrozenLibConfig from frozenlib
[21:27:45] [main/INFO]: Saving config SimpleCopperPipesConfig from simple_copper_pipes
[21:27:45] [main/INFO]: Saving config FrozenLibConfig from frozenlib
[21:27:45] [main/INFO]: Saving config SimpleCopperPipesConfig from simple_copper_pipes
[21:27:45] [main/INFO]: Saving config FrozenLibConfig from frozenlib
[21:27:45] [main/INFO]: Saving config SimpleCopperPipesConfig from simple_copper_pipes
[21:27:45] [main/INFO]: Saving config FrozenLibConfig from frozenlib
[21:27:45] [main/INFO]: Saving config SimpleCopperPipesConfig from simple_copper_pipes
[21:27:45] [main/INFO]: Saving config FrozenLibConfig from frozenlib
[21:27:45] [main/INFO]: Saving config SimpleCopperPipesConfig from simple_copper_pipes
[21:27:45] [main/INFO]: Saving config FrozenLibConfig from frozenlib
[21:27:45] [main/INFO]: Saving config SimpleCopperPipesConfig from simple_copper_pipes
[21:27:45] [main/INFO]: Saving config FrozenLibConfig from frozenlib
[21:27:45] [main/INFO]: Saving config SimpleCopperPipesConfig from simple_copper_pipes
[21:27:45] [main/INFO]: Saving config FrozenLibConfig from frozenlib
[21:27:45] [main/INFO]: Saving config SimpleCopperPipesConfig from simple_copper_pipes
[21:27:45] [main/INFO]: Saving config FrozenLibConfig from frozenlib
[21:27:45] [main/INFO]: Saving config SimpleCopperPipesConfig from simple_copper_pipes
[21:27:45] [main/INFO]: Saving config FrozenLibConfig from frozenlib
[21:27:45] [main/INFO]: Saving config SimpleCopperPipesConfig from simple_copper_pipes
[21:27:45] [main/INFO]: Saving config FrozenLibConfig from frozenlib
[21:27:45] [main/INFO]: Saving config SimpleCopperPipesConfig from simple_copper_pipes
[21:27:45] [main/INFO]: Saving config FrozenLibConfig from frozenlib
[21:27:45] [main/INFO]: Saving config SimpleCopperPipesConfig from simple_copper_pipes
[21:27:45] [main/INFO]: Saving config FrozenLibConfig from frozenlib
[21:27:45] [main/INFO]: Saving config SimpleCopperPipesConfig from simple_copper_pipes
[21:27:45] [main/INFO]: Saving config FrozenLibConfig from frozenlib
[21:27:45] [main/INFO]: Saving config SimpleCopperPipesConfig from simple_copper_pipes
[21:27:45] [main/INFO]: Saving config FrozenLibConfig from frozenlib
[21:27:45] [main/INFO]: Saving config SimpleCopperPipesConfig from simple_copper_pipes
[21:27:45] [main/INFO]: Saving config FrozenLibConfig from frozenlib
[21:27:45] [main/INFO]: Saving config SimpleCopperPipesConfig from simple_copper_pipes
[21:27:45] [main/INFO]: Saving config FrozenLibConfig from frozenlib
[21:27:45] [main/INFO]: Saving config SimpleCopperPipesConfig from simple_copper_pipes
[21:27:45] [main/INFO]: Saving config FrozenLibConfig from frozenlib
[21:27:45] [main/INFO]: Saving config SimpleCopperPipesConfig from simple_copper_pipes
[21:27:45] [main/INFO]: Saving config FrozenLibConfig from frozenlib
[21:27:45] [main/INFO]: Saving config SimpleCopperPipesConfig from simple_copper_pipes
[21:27:45] [main/INFO]: Saving config FrozenLibConfig from frozenlib
[21:27:45] [main/INFO]: Saving config SimpleCopperPipesConfig from simple_copper_pipes
[21:27:45] [main/INFO]: Saving config FrozenLibConfig from frozenlib
[21:27:45] [main/INFO]: Saving config SimpleCopperPipesConfig from simple_copper_pipes
[21:27:45] [main/INFO]: Saving config FrozenLibConfig from frozenlib
[21:27:45] [main/INFO]: Saving config SimpleCopperPipesConfig from simple_copper_pipes
[21:27:45] [main/INFO]: Saving config FrozenLibConfig from frozenlib
[21:27:45] [main/INFO]: Saving config SimpleCopperPipesConfig from simple_copper_pipes
[21:27:45] [main/INFO]: Saving config FrozenLibConfig from frozenlib
[21:27:45] [main/INFO]: Saving config SimpleCopperPipesConfig from simple_copper_pipes
[21:27:45] [main/INFO]: Saving config FrozenLibConfig from frozenlib
[21:27:45] [main/INFO]: Saving config SimpleCopperPipesConfig from simple_copper_pipes
[21:27:45] [main/INFO]: Saving config FrozenLibConfig from frozenlib
[21:27:45] [main/INFO]: Saving config SimpleCopperPipesConfig from simple_copper_pipes
[21:27:45] [main/INFO]: Saving config FrozenLibConfig from frozenlib
[21:27:45] [main/INFO]: Saving config SimpleCopperPipesConfig from simple_copper_pipes
[21:27:45] [main/INFO]: Saving config FrozenLibConfig from frozenlib
[21:27:45] [main/INFO]: Saving config SimpleCopperPipesConfig from simple_copper_pipes
[21:27:45] [main/INFO]: Saving config FrozenLibConfig from frozenlib
[21:27:45] [main/INFO]: Saving config SimpleCopperPipesConfig from simple_copper_pipes
[21:27:45] [main/INFO]: Saving config FrozenLibConfig from frozenlib
[21:27:45] [main/INFO]: Saving config SimpleCopperPipesConfig from simple_copper_pipes
[21:27:45] [main/INFO]: Saving config FrozenLibConfig from frozenlib
[21:27:45] [main/INFO]: Saving config SimpleCopperPipesConfig from simple_copper_pipes
[21:27:45] [main/INFO]: Saving config FrozenLibConfig from frozenlib
[21:27:45] [main/INFO]: Saving config SimpleCopperPipesConfig from simple_copper_pipes
[21:27:45] [main/INFO]: Saving config FrozenLibConfig from frozenlib
[21:27:45] [main/INFO]: Saving config SimpleCopperPipesConfig from simple_copper_pipes
[21:27:45] [main/INFO]: Saving config FrozenLibConfig from frozenlib
[21:27:45] [main/INFO]: Saving config SimpleCopperPipesConfig from simple_copper_pipes
[21:27:45] [main/INFO]: Saving config FrozenLibConfig from frozenlib
[21:27:45] [main/INFO]: Saving config SimpleCopperPipesConfig from simple_copper_pipes
[21:27:45] [main/INFO]: Saving config FrozenLibConfig from frozenlib
[21:27:45] [main/INFO]: Saving config SimpleCopperPipesConfig from simple_copper_pipes
[21:27:45] [main/INFO]: Saving config FrozenLibConfig from frozenlib
[21:27:45] [main/INFO]: Saving config SimpleCopperPipesConfig from simple_copper_pipes
[21:27:45] [main/INFO]: Saving config FrozenLibConfig from frozenlib
[21:27:45] [main/INFO]: Saving config SimpleCopperPipesConfig from simple_copper_pipes
[21:27:45] [main/INFO]: Saving config FrozenLibConfig from frozenlib
[21:27:45] [main/INFO]: Saving config SimpleCopperPipesConfig from simple_copper_pipes
[21:27:45] [main/INFO]: Saving config FrozenLibConfig from frozenlib
[21:27:45] [main/INFO]: Saving config SimpleCopperPipesConfig from simple_copper_pipes
[21:27:45] [main/INFO]: Saving config FrozenLibConfig from frozenlib
[21:27:45] [main/INFO]: Saving config SimpleCopperPipesConfig from simple_copper_pipes
[21:27:45] [main/INFO]: Saving config FrozenLibConfig from frozenlib
[21:27:45] [main/INFO]: Saving config SimpleCopperPipesConfig from simple_copper_pipes
[21:27:45] [main/INFO]: Saving config FrozenLibConfig from frozenlib
[21:27:45] [main/INFO]: Saving config SimpleCopperPipesConfig from simple_copper_pipes
[21:27:45] [main/INFO]: Saving config FrozenLibConfig from frozenlib
[21:27:45] [main/INFO]: Saving config SimpleCopperPipesConfig from simple_copper_pipes
[21:27:45] [main/INFO]: Environment: Environment[sessionHost=https://sessionserver.mojang.com, servicesHost=https://api.minecraftservices.com, name=PROD]
[21:27:47] [main/INFO]: Saving config FrozenLibConfig from frozenlib
[21:27:47] [main/INFO]: Saving config SimpleCopperPipesConfig from simple_copper_pipes
[21:27:47] [main/INFO]: Saving config FrozenLibConfig from frozenlib
[21:27:47] [main/INFO]: Saving config SimpleCopperPipesConfig from simple_copper_pipes
[21:27:47] [main/INFO]: Saving config FrozenLibConfig from frozenlib
[21:27:47] [main/INFO]: Saving config SimpleCopperPipesConfig from simple_copper_pipes
[21:27:47] [main/INFO]: Saving config FrozenLibConfig from frozenlib
[21:27:47] [main/INFO]: Saving config SimpleCopperPipesConfig from simple_copper_pipes
[21:27:47] [main/INFO]: Saving config FrozenLibConfig from frozenlib
[21:27:47] [main/INFO]: Saving config SimpleCopperPipesConfig from simple_copper_pipes
[21:27:47] [main/INFO]: Saving config FrozenLibConfig from frozenlib
[21:27:47] [main/INFO]: Saving config SimpleCopperPipesConfig from simple_copper_pipes
[21:27:47] [main/INFO]: Saving config FrozenLibConfig from frozenlib
[21:27:47] [main/INFO]: Saving config SimpleCopperPipesConfig from simple_copper_pipes
[21:27:47] [main/INFO]: Saving config FrozenLibConfig from frozenlib
[21:27:47] [main/INFO]: Saving config SimpleCopperPipesConfig from simple_copper_pipes
[21:27:47] [main/INFO]: Saving config FrozenLibConfig from frozenlib
[21:27:47] [main/INFO]: Saving config SimpleCopperPipesConfig from simple_copper_pipes
[21:27:47] [main/INFO]: Saving config FrozenLibConfig from frozenlib
[21:27:47] [main/INFO]: Saving config SimpleCopperPipesConfig from simple_copper_pipes
[21:27:47] [main/INFO]: Saving config FrozenLibConfig from frozenlib
[21:27:47] [main/INFO]: Saving config SimpleCopperPipesConfig from simple_copper_pipes
[21:27:47] [main/INFO]: Saving config FrozenLibConfig from frozenlib
[21:27:47] [main/INFO]: Saving config SimpleCopperPipesConfig from simple_copper_pipes
[21:27:47] [main/INFO]: Saving config FrozenLibConfig from frozenlib
[21:27:47] [main/INFO]: Saving config SimpleCopperPipesConfig from simple_copper_pipes
[21:27:47] [main/INFO]: Saving config FrozenLibConfig from frozenlib
[21:27:47] [main/INFO]: Saving config SimpleCopperPipesConfig from simple_copper_pipes
[21:27:47] [main/INFO]: Saving config FrozenLibConfig from frozenlib
[21:27:47] [main/INFO]: Saving config SimpleCopperPipesConfig from simple_copper_pipes
[21:27:47] [main/INFO]: Saving config FrozenLibConfig from frozenlib
[21:27:47] [main/INFO]: Saving config SimpleCopperPipesConfig from simple_copper_pipes
[21:27:47] [main/INFO]: Saving config FrozenLibConfig from frozenlib
[21:27:47] [main/INFO]: Saving config SimpleCopperPipesConfig from simple_copper_pipes
[21:27:47] [main/INFO]: Saving config FrozenLibConfig from frozenlib
[21:27:47] [main/INFO]: Saving config SimpleCopperPipesConfig from simple_copper_pipes
[21:27:47] [main/INFO]: Saving config FrozenLibConfig from frozenlib
[21:27:47] [main/INFO]: Saving config SimpleCopperPipesConfig from simple_copper_pipes
[21:27:47] [main/INFO]: Saving config FrozenLibConfig from frozenlib
[21:27:47] [main/INFO]: Saving config SimpleCopperPipesConfig from simple_copper_pipes
[21:27:47] [main/INFO]: Saving config FrozenLibConfig from frozenlib
[21:27:47] [main/INFO]: Saving config SimpleCopperPipesConfig from simple_copper_pipes
[21:27:47] [main/INFO]: Saving config FrozenLibConfig from frozenlib
[21:27:47] [main/INFO]: Saving config SimpleCopperPipesConfig from simple_copper_pipes
[21:27:47] [main/INFO]: Saving config FrozenLibConfig from frozenlib
[21:27:47] [main/INFO]: Saving config SimpleCopperPipesConfig from simple_copper_pipes
[21:27:47] [main/INFO]: Saving config FrozenLibConfig from frozenlib
[21:27:47] [main/INFO]: Saving config SimpleCopperPipesConfig from simple_copper_pipes
[21:27:47] [main/INFO]: Saving config FrozenLibConfig from frozenlib
[21:27:47] [main/INFO]: Saving config SimpleCopperPipesConfig from simple_copper_pipes
[21:27:47] [main/INFO]: Saving config FrozenLibConfig from frozenlib
[21:27:47] [main/INFO]: Saving config SimpleCopperPipesConfig from simple_copper_pipes
[21:27:47] [main/INFO]: Saving config FrozenLibConfig from frozenlib
[21:27:47] [main/INFO]: Saving config SimpleCopperPipesConfig from simple_copper_pipes
[21:27:47] [Worker-Main-1/INFO]: Saving config FrozenLibConfig from frozenlib
[21:27:47] [Worker-Main-1/INFO]: Saving config SimpleCopperPipesConfig from simple_copper_pipes
[21:27:47] [Worker-Main-1/INFO]: Saving config FrozenLibConfig from frozenlib
[21:27:47] [Worker-Main-1/INFO]: Saving config SimpleCopperPipesConfig from simple_copper_pipes
[21:27:47] [Worker-Main-1/INFO]: Saving config FrozenLibConfig from frozenlib
[21:27:47] [Worker-Main-1/INFO]: Saving config SimpleCopperPipesConfig from simple_copper_pipes
[21:27:49] [main/INFO]: Loaded 1306 recipes
[21:27:49] [main/INFO]: Loaded 1409 advancements
[21:27:50] [main/INFO]: Applied 0 biome modifications to 0 of 64 new biomes in 9.373 ms
[21:27:50] [Server thread/INFO]: [Quilt DFU API] Serverside DataFixer Registry is about to freeze
[21:27:50] [Server thread/INFO]: [Quilt DFU API] Serverside DataFixer Registry was frozen
[21:27:50] [Server thread/INFO]: Starting minecraft server version 1.21
[21:27:50] [Server thread/INFO]: Loading properties
[21:27:50] [Server thread/INFO]: Default game type: SURVIVAL
[21:27:50] [Server thread/INFO]: Generating keypair
[21:27:51] [Server thread/INFO]: Starting Minecraft server on *:25565
[21:27:51] [Server thread/INFO]: Using epoll channel type
[21:27:51] [Server thread/WARN]: **** SERVER IS RUNNING IN OFFLINE/INSECURE MODE!
[21:27:51] [Server thread/WARN]: The server will make no attempt to authenticate usernames. Beware.
[21:27:51] [Server thread/WARN]: While this makes the game possible to play without internet access, it also opens up the ability for hackers to connect with any username they choose.
[21:27:51] [Server thread/WARN]: To change this, set "online-mode" to "true" in the server.properties file.
[21:27:51] [Server thread/INFO]: Preparing level "world"
[21:27:57] [Server thread/INFO]: Preparing start region for dimension minecraft:overworld
[21:28:01] [Worker-Main-1/INFO]: Preparing spawn area: 0%
[21:28:01] [Worker-Main-1/INFO]: Preparing spawn area: 0%
[21:28:01] [Worker-Main-1/INFO]: Preparing spawn area: 0%
[21:28:01] [Worker-Main-1/INFO]: Preparing spawn area: 0%
[21:28:01] [Worker-Main-1/INFO]: Preparing spawn area: 0%
[21:28:01] [Worker-Main-1/INFO]: Preparing spawn area: 0%
[21:28:01] [Worker-Main-1/INFO]: Preparing spawn area: 0%
[21:28:01] [Worker-Main-1/INFO]: Preparing spawn area: 0%
[21:28:01] [Worker-Main-1/INFO]: Preparing spawn area: 2%
[21:28:01] [Server thread/INFO]: Time elapsed: 4102 ms
[21:28:01] [Server thread/INFO]: Done (10.494s)! For help, type "help"
[21:28:01] [Server thread/INFO]: Loading Xaero's Minimap - Stage 2/2 (Server)
[21:28:48] [Server thread/INFO]: HuanMuraTo[/[0:0:0:0:0:0:0:1%0]:38942] logged in with entity id 6 at (1607.3436554990903, 77.0, 620.9300101871701)
[21:28:48] [Server thread/INFO]: HuanMuraTo joined the game
[21:28:49] [Server thread/INFO]: [showmeyourskin] Client of HuanMuraTo accepted server config.
[21:28:49] [Server thread/INFO]: [ShulkerBoxTooltip] HuanMuraTo: protocol version: 2.0
[21:28:49] [Server thread/INFO]: [ShulkerBoxTooltip Plugins] Loading 1 plugin: shulkerboxtooltip
[21:28:49] [Server thread/INFO]: [ShulkerBoxTooltip] overriding preview provider shulkerboxtooltip:trapped_chest with shulkerboxtooltip:chest for item minecraft:chest
[21:28:49] [Server thread/INFO]: [ShulkerBoxTooltip Plugins] Registered 31 providers for mod shulkerboxtooltip
[21:28:54] [Server thread/WARN]: Can't keep up! Is the server overloaded? Running 3272ms or 65 ticks behind
[21:28:54] [Server thread/WARN]: HuanMuraTo moved too quickly! -2.7239955289055615,0.41999998688697815,-9.70960383658121
[21:29:37] [Server thread/INFO]: [HuanMuraTo: Set own game mode to Creative Mode]
